<?xml version="1.0" encoding="UTF-8"?>
<!-- Generated by org.testng.reporters.JUnitXMLReporter -->
<testsuite ignored="4" hostname="Nuvobook_V1" failures="0" tests="1" name="Default test" time="2.222" errors="0" timestamp="2024-07-15T15:37:12 IST">
  <testcase classname="Posthook_mock_server.Posthook_Mock_Server" name="put" time="2.174"/>
  <testcase classname="Posthook_mock_server.Posthook_Mock_Server" name="delete" time="0.0">
    <ignored/>
  </testcase> <!-- delete -->
  <testcase classname="Posthook_mock_server.Posthook_Mock_Server" name="Schedule_a_Hook" time="0.0">
    <ignored/>
  </testcase> <!-- Schedule_a_Hook -->
  <testcase classname="Posthook_mock_server.Posthook_Mock_Server" name="hook_id" time="0.0">
    <ignored/>
  </testcase> <!-- hook_id -->
  <testcase classname="Posthook_mock_server.Posthook_Mock_Server" name="Get_Hooks" time="0.0">
    <ignored/>
  </testcase> <!-- Get_Hooks -->
</testsuite> <!-- Default test -->
