<?xml version="1.0" encoding="UTF-8"?>
<testng-results ignored="4" total="5" passed="1" failed="0" skipped="0">
  <reporter-output>
  </reporter-output>
  <suite started-at="2024-07-15T15:37:10 IST" name="Default suite" finished-at="2024-07-15T15:37:12 IST" duration-ms="2222">
    <groups>
    </groups>
    <test started-at="2024-07-15T15:37:10 IST" name="Default test" finished-at="2024-07-15T15:37:12 IST" duration-ms="2222">
      <class name="Posthook_mock_server.Posthook_Mock_Server">
        <test-method signature="put()[pri:0, instance:Posthook_mock_server.Posthook_Mock_Server@15bb5034]" started-at="2024-07-15T15:37:10 IST" name="put" finished-at="2024-07-15T15:37:12 IST" duration-ms="2174" status="PASS">
          <reporter-output>
          </reporter-output>
        </test-method> <!-- put -->
      </class> <!-- Posthook_mock_server.Posthook_Mock_Server -->
    </test> <!-- Default test -->
  </suite> <!-- Default suite -->
</testng-results>
